<?xml version="1.0" encoding="UTF-8"?>
<!-- Generated by org.testng.reporters.JUnitReportReporter -->
<testsuite hostname="LAPTOP-MEGAJEV2" failures="0" tests="12" name="Care_Supreme.EndToEnd_Journey" time="32.457" errors="1" timestamp="2024-02-06T19:37:08 IST" skipped="10">
  <testcase classname="Care_Supreme.EndToEnd_Journey" name="SetUp" time="2.434"/>
  <system-out/>
  <testcase classname="Care_Supreme.EndToEnd_Journey" name="get_quote" time="30.023">
    <error message="Expected condition failed: waiting for element to be clickable: By.xpath: //button[@class=&#039;btn_custom quote_btn&#039;] (tried for 30 second(s) with 500 milliseconds interval)" type="org.openqa.selenium.TimeoutException">
      <![CDATA[org.openqa.selenium.TimeoutException: Expected condition failed: waiting for element to be clickable: By.xpath: //button[@class='btn_custom quote_btn'] (tried for 30 second(s) with 500 milliseconds interval)
at org.openqa.selenium.support.ui.WebDriverWait.timeoutException(WebDriverWait.java:84)
at org.openqa.selenium.support.ui.FluentWait.until(FluentWait.java:229)
at Care_Supreme.EndToEnd_Journey.get_quote(EndToEnd_Journey.java:24)
at java.base/jdk.internal.reflect.DirectMethodHandleAccessor.invoke(DirectMethodHandleAccessor.java:103)
at java.base/java.lang.reflect.Method.invoke(Method.java:580)
at org.testng.internal.MethodInvocationHelper.invokeMethod(MethodInvocationHelper.java:133)
at org.testng.internal.TestInvoker.invokeMethod(TestInvoker.java:598)
at org.testng.internal.TestInvoker.invokeTestMethod(TestInvoker.java:173)
at org.testng.internal.MethodRunner.runInSequence(MethodRunner.java:46)
at org.testng.internal.TestInvoker$MethodInvocationAgent.invoke(TestInvoker.java:824)
at org.testng.internal.TestInvoker.invokeTestMethods(TestInvoker.java:146)
at org.testng.internal.TestMethodWorker.invokeTestMethods(TestMethodWorker.java:146)
at org.testng.internal.TestMethodWorker.run(TestMethodWorker.java:128)
at java.base/java.util.ArrayList.forEach(ArrayList.java:1596)
at org.testng.TestRunner.privateRun(TestRunner.java:794)
at org.testng.TestRunner.run(TestRunner.java:596)
at org.testng.SuiteRunner.runTest(SuiteRunner.java:377)
at org.testng.SuiteRunner.runSequentially(SuiteRunner.java:371)
at org.testng.SuiteRunner.privateRun(SuiteRunner.java:332)
at org.testng.SuiteRunner.run(SuiteRunner.java:276)
at org.testng.SuiteRunnerWorker.runSuite(SuiteRunnerWorker.java:53)
at org.testng.SuiteRunnerWorker.run(SuiteRunnerWorker.java:96)
at org.testng.TestNG.runSuitesSequentially(TestNG.java:1212)
at org.testng.TestNG.runSuitesLocally(TestNG.java:1134)
at org.testng.TestNG.runSuites(TestNG.java:1063)
at org.testng.TestNG.run(TestNG.java:1031)
at org.testng.remote.AbstractRemoteTestNG.run(AbstractRemoteTestNG.java:115)
at org.testng.remote.RemoteTestNG.initAndRun(RemoteTestNG.java:251)
at org.testng.remote.RemoteTestNG.main(RemoteTestNG.java:77)
Caused by: org.openqa.selenium.NoSuchWindowException: no such window: target window already closed
from unknown error: web view not found
  (Session info: chrome=121.0.6167.140)
Build info: version: '4.16.1', revision: '9b4c83354e'
System info: os.name: 'Windows 11', os.arch: 'amd64', os.version: '10.0', java.version: '21.0.1'
Driver info: org.openqa.selenium.chrome.ChromeDriver
Command: [fb5c677acf78a0c520c023e541bc2025, findElement {using=xpath, value=//button[@class='btn_custom quote_btn']}]
Capabilities {acceptInsecureCerts: false, browserName: chrome, browserVersion: 121.0.6167.140, chrome: {chromedriverVersion: 121.0.6167.85 (3f98d690ad7e..., userDataDir: C:\Users\ACER\AppData\Local...}, fedcm:accounts: true, goog:chromeOptions: {debuggerAddress: localhost:10272}, networkConnectionEnabled: false, pageLoadStrategy: normal, platformName: windows, proxy: Proxy(), se:cdp: ws://localhost:10272/devtoo..., se:cdpVersion: 121.0.6167.140, setWindowRect: true, strictFileInteractability: false, timeouts: {implicit: 0, pageLoad: 300000, script: 30000}, unhandledPromptBehavior: dismiss and notify, webauthn:extension:credBlob: true, webauthn:extension:largeBlob: true, webauthn:extension:minPinLength: true, webauthn:extension:prf: true, webauthn:virtualAuthenticators: true}
Session ID: fb5c677acf78a0c520c023e541bc2025
at java.base/jdk.internal.reflect.DirectConstructorHandleAccessor.newInstance(DirectConstructorHandleAccessor.java:62)
at java.base/java.lang.reflect.Constructor.newInstanceWithCaller(Constructor.java:502)
at java.base/java.lang.reflect.Constructor.newInstance(Constructor.java:486)
at org.openqa.selenium.remote.codec.w3c.W3CHttpResponseCodec.createException(W3CHttpResponseCodec.java:200)
at org.openqa.selenium.remote.codec.w3c.W3CHttpResponseCodec.decode(W3CHttpResponseCodec.java:133)
at org.openqa.selenium.remote.codec.w3c.W3CHttpResponseCodec.decode(W3CHttpResponseCodec.java:52)
at org.openqa.selenium.remote.HttpCommandExecutor.execute(HttpCommandExecutor.java:191)
at org.openqa.selenium.remote.service.DriverCommandExecutor.invokeExecute(DriverCommandExecutor.java:200)
at org.openqa.selenium.remote.service.DriverCommandExecutor.execute(DriverCommandExecutor.java:175)
at org.openqa.selenium.remote.RemoteWebDriver.execute(RemoteWebDriver.java:523)
at org.openqa.selenium.remote.ElementLocation$ElementFinder$2.findElement(ElementLocation.java:165)
at org.openqa.selenium.remote.ElementLocation.findElement(ElementLocation.java:59)
at org.openqa.selenium.remote.RemoteWebDriver.findElement(RemoteWebDriver.java:360)
at org.openqa.selenium.remote.RemoteWebDriver.findElement(RemoteWebDriver.java:354)
at org.openqa.selenium.support.ui.ExpectedConditions$7.apply(ExpectedConditions.java:194)
at org.openqa.selenium.support.ui.ExpectedConditions$7.apply(ExpectedConditions.java:190)
at org.openqa.selenium.support.ui.ExpectedConditions$22.apply(ExpectedConditions.java:627)
at org.openqa.selenium.support.ui.ExpectedConditions$22.apply(ExpectedConditions.java:624)
at org.openqa.selenium.support.ui.FluentWait.until(FluentWait.java:204)
... 27 more
]]>
    </error>
  </testcase> <!-- get_quote -->
  <system-out/>
  <testcase classname="Care_Supreme.EndToEnd_Journey" name="Member_Selection" time="0.000">
    <skipped/>
  </testcase> <!-- Member_Selection -->
  <system-out/>
  <testcase classname="Care_Supreme.EndToEnd_Journey" name="members_age_section" time="0.000">
    <skipped/>
  </testcase> <!-- members_age_section -->
  <system-out/>
  <testcase classname="Care_Supreme.EndToEnd_Journey" name="pincode" time="0.000">
    <skipped/>
  </testcase> <!-- pincode -->
  <system-out/>
  <testcase classname="Care_Supreme.EndToEnd_Journey" name="buy_now" time="0.000">
    <skipped/>
  </testcase> <!-- buy_now -->
  <system-out/>
  <testcase classname="Care_Supreme.EndToEnd_Journey" name="Confirm_proposal_page" time="0.000">
    <skipped/>
  </testcase> <!-- Confirm_proposal_page -->
  <system-out/>
  <testcase classname="Care_Supreme.EndToEnd_Journey" name="KYC_Verification_PAN" time="0.000">
    <skipped/>
  </testcase> <!-- KYC_Verification_PAN -->
  <system-out/>
  <testcase classname="Care_Supreme.EndToEnd_Journey" name="proposal_details" time="0.000">
    <skipped/>
  </testcase> <!-- proposal_details -->
  <system-out/>
  <testcase classname="Care_Supreme.EndToEnd_Journey" name="Insured_Member_Detail_Page" time="0.000">
    <skipped/>
  </testcase> <!-- Insured_Member_Detail_Page -->
  <system-out/>
  <testcase classname="Care_Supreme.EndToEnd_Journey" name="health_deatil" time="0.000">
    <skipped/>
  </testcase> <!-- health_deatil -->
  <system-out/>
  <testcase classname="Care_Supreme.EndToEnd_Journey" name="Proposal_Summery" time="0.000">
    <skipped/>
  </testcase> <!-- Proposal_Summery -->
  <system-out/>
</testsuite> <!-- Care_Supreme.EndToEnd_Journey -->
